Command line:
   asynch_fifo_isim_beh.exe
     -simmode  gui
     -simrunnum  0
     -socket  63891

Fri Nov 29 10:34:05 2019


 Elaboration Time: 0.046875 sec

 Current Memory Usage: 5159.5 Meg

 Total Signals          : 54
 Total Nets             : 171
 Total Signal Drivers   : 44
 Total Blocks           : 7
 Total Primitive Blocks : 6
 Total Processes        : 59
 Total Traceable Variables  : 49
 Total Scalar Nets and Variables : 1229
Total Line Count : 134

 Total Simulation Time: 0.09375 sec

 Current Memory Usage: 5159.5 Meg

Fri Nov 29 10:34:23 2019

